\BOOKMARK [0][-]{chapter.1}{Overview}{}% 1
\BOOKMARK [1][-]{section.1.1}{Overview of the Final Year Project}{chapter.1}% 2
\BOOKMARK [0][-]{chapter.2}{Project Scope}{}% 3
\BOOKMARK [1][-]{section.2.1}{Scope Disclaimer}{chapter.2}% 4
\BOOKMARK [1][-]{section.2.2}{Scope Statement}{chapter.2}% 5
\BOOKMARK [1][-]{section.2.3}{Objectives}{chapter.2}% 6
\BOOKMARK [2][-]{subsection.2.3.1}{Client server model}{section.2.3}% 7
\BOOKMARK [2][-]{subsection.2.3.2}{Domain specific language}{section.2.3}% 8
\BOOKMARK [2][-]{subsection.2.3.3}{Directory services schema}{section.2.3}% 9
\BOOKMARK [2][-]{subsection.2.3.4}{Administrator front end}{section.2.3}% 10
\BOOKMARK [0][-]{chapter.3}{Work Breakdown Structure}{}% 11
\BOOKMARK [0][-]{chapter.4}{Project Schedule}{}% 12
\BOOKMARK [1][-]{section.4.1}{Activities}{chapter.4}% 13
\BOOKMARK [1][-]{section.4.2}{Gannt chart}{chapter.4}% 14
\BOOKMARK [0][-]{chapter.5}{Communications Plan}{}% 15
\BOOKMARK [1][-]{section.5.1}{Introduction}{chapter.5}% 16
\BOOKMARK [1][-]{section.5.2}{Aims}{chapter.5}% 17
\BOOKMARK [1][-]{section.5.3}{Target audience}{chapter.5}% 18
\BOOKMARK [1][-]{section.5.4}{The communications plan}{chapter.5}% 19
\BOOKMARK [2][-]{subsection.5.4.1}{Fyp Coordinator}{section.5.4}% 20
\BOOKMARK [2][-]{subsection.5.4.2}{Project Supervisor Semester 1}{section.5.4}% 21
\BOOKMARK [2][-]{subsection.5.4.3}{Project Supervisor Semester 2}{section.5.4}% 22
\BOOKMARK [2][-]{subsection.5.4.4}{Student Semester 1}{section.5.4}% 23
\BOOKMARK [2][-]{subsection.5.4.5}{Student Semester 2}{section.5.4}% 24
\BOOKMARK [1][-]{section.5.5}{Evaluation and change}{chapter.5}% 25
\BOOKMARK [0][-]{chapter.6}{Risk Management Plan}{}% 26
\BOOKMARK [1][-]{section.6.1}{Introduction}{chapter.6}% 27
\BOOKMARK [1][-]{section.6.2}{Risk Monitoring}{chapter.6}% 28
\BOOKMARK [1][-]{section.6.3}{Risk mitigation and avoidance}{chapter.6}% 29
\BOOKMARK [1][-]{section.6.4}{Qualitative and quantitive}{chapter.6}% 30
\BOOKMARK [1][-]{section.6.5}{Register}{chapter.6}% 31
\BOOKMARK [0][-]{chapter.7}{Quality Plan}{}% 32
\BOOKMARK [1][-]{section.7.1}{Introduction}{chapter.7}% 33
\BOOKMARK [1][-]{section.7.2}{Review process}{chapter.7}% 34
\BOOKMARK [1][-]{section.7.3}{Quality Compliancy plan}{chapter.7}% 35
\BOOKMARK [0][-]{chapter*.13}{Bibliography}{}% 36
\BOOKMARK [0][-]{chapter*.14}{List of figures}{}% 37
